align failed: ("дуэлянтами" nil (d ur y ll aa n t ay mm i))
align failed: ("дуэлянтов" nil (d ur y ll aa n t ay f))
align failed: ("ее" nil (j i j oo))
align failed: ("фаэтон" nil (f ay y t oo n))
align failed: ("гильотина" nil (gg ae ll j i tt ii n a))
align failed: ("гильотине" nil (gg ae ll j i tt ii nn e))
align failed: ("гильотину" nil (gg ae ll j i tt ii n u))
align failed: ("гильотины" nil (gg ae ll j i tt ii n y))
align failed: ("йогурта" nil (j i g uu r t a))
align failed: ("йоркшира" nil (j i r k sh ii r a))
align failed: ("йоркшире" nil (j i r k sh ii rr e))
align failed: ("йоркширов" nil (j i r k sh ii r ay f))
align failed: ("йоркширская" nil (j i r k sh ii r s k ay j a))
align failed: ("йоркширских" nil (j i r k sh ii r s kk ae h))
align failed: ("йоркширы" nil (j i r k sh ii r y))
align failed: ("киноэкран" nil (kk ae n ay y k r aa n))
align failed: ("контрэскарпа" nil (k ay n t r y s k aa r p a))
align failed: ("контрэскарпами" nil (k ay n t r y s k aa r p ay mm i))
align failed: ("кремлевские" nil (k rr i m ll oo f s kk ae j e))
align failed: ("кремлевских" nil (k rr i m ll oo f s kk ae h))
align failed: ("квинтэссенций" nil (k vv ae n t y ss ee n c ay j))
align failed: ("квинтэссенция" nil (k vv ae n t y ss ee n c ay j a))
align failed: ("майонез" nil (m ay j i nn ee s))
align failed: ("майонеза" nil (m ay j i nn ee z a))
align failed: ("майоран" nil (m ay j i r aa n))
align failed: ("майорана" nil (m ay j i r aa n a))
align failed: ("майораном" nil (m ay j i r aa n ay m))
align failed: ("майораны" nil (m ay j i r aa n y))
align failed: ("многоэтажно" nil (m n ay g ay y t aa zh n a))
align failed: ("многоэтажное" nil (m n ay g ay y t aa zh n ay j e))
align failed: ("многоэтажного" nil (m n ay g ay y t aa zh n ay v a))
align failed: ("многоэтажных" nil (m n ay g ay y t aa zh n ay h))
align failed: ("многоэтажный" nil (m n ay g ay y t aa zh n ay j))
align failed: ("муэдзина" nil (m ur y d zz ii n a))
