failed: (# a a a #)
failed: (# a c #)
failed: (# a c q u i r e r #)
failed: (# a c q u i r e r s #)
failed: (# a d i r o n d a c k #)
failed: (# a d m i r a b l e #)
failed: (# a d m i r a b l y #)
failed: (# a d m i r a t i o n #)
failed: (# a d r d a #)
failed: (# a f f i r m a t i o n #)
failed: (# a f f i r m a t i o n s #)
failed: (# a l e k s a n d r #)
failed: (# a l l e n d e r #)
failed: (# a m e r i f i r s t #)
failed: (# a m i r a m #)
failed: (# a m r h e i n #)
failed: (# a n d r e n #)
failed: (# a n n u a l i z e d #)
failed: (# a r m b r i s t e r #)
failed: (# a s k r e n #)
failed: (# a s p i r a n t #)
failed: (# a s p i r a n t s #)
failed: (# a s p i r a t e #)
failed: (# a s p i r a t e #)
failed: (# a s p i r a t i o n #)
failed: (# a s p i r a t i o n s #)
failed: (# a u d r i e #)
failed: (# a u g #)
failed: (# a v e #)
failed: (# a v e n #)
failed: (# a z a l e a #)
failed: (# a z a l e a s #)
failed: (# b #)
failed: (# b a c k f i r i n g #)
failed: (# b a r f k n e c h t #)
failed: (# b a u d o i n #)
failed: (# b b c #)
failed: (# b b q #)
failed: (# b e s n e r #)
failed: (# b i e r w i r t h #)
failed: (# b r a g g i o t t i #)
failed: (# b t #)
failed: (# b t a #)
failed: (# b u n d r e n #)
failed: (# b u r r i s s #)
failed: (# b u s k i r k #)
failed: (# c #)
failed: (# c a l i f #)
failed: (# c a m p s i t e #)
failed: (# c a n t v #)
failed: (# c a r n a u d #)
failed: (# c a s a l #)
failed: (# c a s s t e v e n s #)
failed: (# c a t a r a c t #)
failed: (# c d #)
failed: (# c d e b a c a #)
failed: (# c e n t r i f u g a l #)
failed: (# c e v a x s #)
failed: (# c h a r e s t #)
failed: (# c h a s #)
failed: (# c h e n g x i a n g #)
failed: (# c h e v r i e r #)
failed: (# c h e y e n n e #)
failed: (# c h o i r #)
failed: (# c h r i s t o p h e #)
failed: (# c i r c a d i a n #)
failed: (# c i r c u i t o u s #)
failed: (# c i r c u m f e r e n c e #)
failed: (# c i r e s i #)
failed: (# c i r i e l l o #)
failed: (# c i r i g l i a n o #)
failed: (# c i r i n c i o n e #)
failed: (# c i r i n o #)
failed: (# c i r r h o s i s #)
failed: (# c i r r i n c i o n e #)
failed: (# c m o s #)
failed: (# c m x #)
failed: (# c o l d i r o n #)
failed: (# c o l d r e n #)
failed: (# c o m p t r o l l e r #)
failed: (# c o m r i e #)
failed: (# c o n d r e n #)
failed: (# c o n d r y #)
failed: (# c o n f i r m a t i o n #)
failed: (# c o n f i r m a t i o n s #)
failed: (# c o r d r y #)
failed: (# c o r e x i t #)
failed: (# c o t h r e n #)
failed: (# c o v a l #)
failed: (# c r o w n x #)
failed: (# c r u t h i r d s #)
failed: (# c s a s z a r #)
failed: (# c x c #)
failed: (# c y r i l l i c #)
failed: (# d #)
failed: (# d b a s e #)
failed: (# d d t #)
failed: (# d e f r a t e s #)
failed: (# d e m a r e s t #)
failed: (# d e p #)
failed: (# d e p r i e s t #)
failed: (# d e s i r i n g #)
failed: (# d e w h i r s t #)
failed: (# d i r e c t #)
failed: (# d i r e c t e d #)
failed: (# d i r e c t i n g #)
failed: (# d i r e c t i o n #)
failed: (# d i r e c t i o n a l #)
failed: (# d i r e c t i o n l e s s #)
failed: (# d i r e c t i o n s #)
failed: (# d i r e c t i v e #)
failed: (# d i r e c t l y #)
failed: (# d i r e c t n e s s #)
failed: (# d i r e c t o r #)
failed: (# d i r e c t o r a t e #)
failed: (# d i r e c t o r i a l #)
failed: (# d i r e c t o r s #)
failed: (# d i r e c t o r s h i p #)
failed: (# d i r e c t o r s h i p s #)
failed: (# d i r e c t o r y #)
failed: (# d i r e c t s #)
failed: (# d i r e c t v #)
failed: (# d i r i c k s o n #)
failed: (# d i r l a m #)
failed: (# d i t h y r a m b #)
failed: (# d k #)
failed: (# d o b r z y n s k i #)
failed: (# d o u g l a s s #)
failed: (# d s o u z a #)
failed: (# d u n k i r k #)
failed: (# d u p r i e s t #)
failed: (# d z h i r k v e l o v #)
failed: (# e d i n b u r g h #)
failed: (# e d r i n g t o n #)
failed: (# e f i r d #)
failed: (# e i g h t h #)
failed: (# e i g h t h s #)
failed: (# e l e t r #)
failed: (# e l i x i r #)
failed: (# e m i r a t e #)
failed: (# e m i r a t e s #)
failed: (# e n t r i n g e r #)
failed: (# e n v i r o n m e n t a l i s m #)
failed: (# e r l e #)
failed: (# e s t #)
failed: (# e t c #)
failed: (# e x p i r a t i o n #)
failed: (# e x p i r a t i o n s #)
failed: (# e x t i r p a t e #)
failed: (# f #)
failed: (# f e b #)
failed: (# f e b r u a r y #)
failed: (# f e r r i s s #)
failed: (# f i r e n z a s #)
failed: (# f i t z h e n r y #)
failed: (# f l a v r #)
failed: (# f l i r t a t i o n #)
failed: (# f l i r t a t i o n s #)
failed: (# f l i r t a t i o u s #)
failed: (# f o n d r e n #)
failed: (# f o r b e s s #)
failed: (# f o r i n t #)
failed: (# g #)
failed: (# g a b r y s #)
failed: (# g a t x #)
failed: (# g d a n s k #)
failed: (# g e n #)
failed: (# g e r l e m a n #)
failed: (# g e w i r t z #)
failed: (# g f e l l e r #)
failed: (# g i l c h r e s t #)
failed: (# g i l c r e s t #)
failed: (# g i r a f f e #)
failed: (# g i r a f f e s #)
failed: (# g i r a r d #)
failed: (# g i r a r d i n #)
failed: (# g i r a r d o t #)
failed: (# g i r o d #)
failed: (# g i r o n #)
failed: (# g o b l i r s c h #)
failed: (# g o v p x #)
failed: (# g r z e s i a k #)
failed: (# g r z e s k o w i a k #)
failed: (# g r z y w i n s k i #)
failed: (# g s c h w i n d #)
failed: (# g s e l l #)
failed: (# g t e c h #)
failed: (# g u i d r y #)
failed: (# g u n d r y #)
failed: (# g v a r y a h u #)
failed: (# h #)
failed: (# h a m p s h i r i t e s #)
failed: (# h a s s #)
failed: (# h a u s w i r t h #)
failed: (# h a y d n #)
failed: (# h b o x #)
failed: (# h c e s #)
failed: (# h e n d r e n #)
failed: (# h e n d r i e #)
failed: (# h e n r i e #)
failed: (# h f d f #)
failed: (# h g h #)
failed: (# h i b l e r #)
failed: (# h i r o n s #)
failed: (# h j e l m #)
failed: (# h j e r p e #)
failed: (# h j o r t #)
failed: (# h o l d r e n #)
failed: (# h r a w i #)
failed: (# h r d l i c k a #)
failed: (# h r n c i r #)
failed: (# h r u b i k #)
failed: (# h u m f r y #)
failed: (# h u m p h r i e s #)
failed: (# i b n #)
failed: (# i m m #)
failed: (# i m m a c u l a t e #)
failed: (# i m r i e #)
failed: (# i n d i r e c t #)
failed: (# i n d i r e c t l y #)
failed: (# i n q u i r i e s #)
failed: (# i n q u i r i n g #)
failed: (# i n s p i r a t i o n #)
failed: (# i n s p i r a t i o n a l #)
failed: (# i n s p i r a t i o n s #)
failed: (# i r k u t s k #)
failed: (# i r v e t t e #)
failed: (# j #)
failed: (# j a s #)
failed: (# j i r a k #)
failed: (# j i r i k #)
failed: (# j o r g e #)
failed: (# j o u r e t #)
failed: (# j r #)
failed: (# j u n g w i r t h #)
failed: (# k #)
failed: (# k a d r m a s #)
failed: (# k a s p r z a k #)
failed: (# k a s p r z y k #)
failed: (# k g a n a k g a #)
failed: (# k g o r i #)
failed: (# k i b l e r #)
failed: (# k i e s t e r #)
failed: (# k i n g r y #)
failed: (# k i r k e n d a l l #)
failed: (# k i r k e n d o l l #)
failed: (# k i r k p a t r i c k #)
failed: (# k j a r #)
failed: (# k j o s #)
failed: (# k m a r t #)
failed: (# k n i e v e l #)
failed: (# k o s t r z e w s k i #)
failed: (# k o z y r e v #)
failed: (# k s i a z e k #)
failed: (# k u j a l a #)
failed: (# k u s h n i r #)
failed: (# k v a l e #)
failed: (# k v a m #)
failed: (# k v a m m e #)
failed: (# k v a s n i c k a #)
failed: (# k v e t c h #)
failed: (# k v e t o n #)
failed: (# k v i s t a d #)
failed: (# k v i t s i n s k y #)
failed: (# k w h #)
failed: (# l #)
failed: (# l a b r i e #)
failed: (# l a b y r i n t h #)
failed: (# l a b y r i n t h i n e #)
failed: (# l a n d f r i e d #)
failed: (# l c s #)
failed: (# l d b r i n k m a n #)
failed: (# l e i b f r i e d #)
failed: (# l e u b e r t #)
failed: (# l i r e t t e #)
failed: (# l l o r e n s #)
failed: (# l p #)
failed: (# l p n #)
failed: (# l s #)
failed: (# l s d #)
failed: (# l t d #)
failed: (# m #)
failed: (# m a b r y #)
failed: (# m a c h t l e y #)
failed: (# m a h a t h i r #)
failed: (# m a r t y r #)
failed: (# m a r t y r d o m #)
failed: (# m a r t y r s #)
failed: (# m a s s a c r i n g #)
failed: (# m a w r #)
failed: (# m b a n k #)
failed: (# m c a b e e #)
failed: (# m c a d a m #)
failed: (# m c a d a m s #)
failed: (# m c a d o r y #)
failed: (# m c a d o w #)
failed: (# m c a l e x a n d e r #)
failed: (# m c a l i n d e n #)
failed: (# m c a l i s t e r #)
failed: (# m c a l l e n #)
failed: (# m c a l l i s t e r #)
failed: (# m c a l p i n #)
failed: (# m c a l p i n e #)
failed: (# m c a m i s #)
failed: (# m c a n #)
failed: (# m c a n a n y #)
failed: (# m c a n d r e w #)
failed: (# m c a n d r e w s #)
failed: (# m c a n e l l y #)
failed: (# m c a n i n c h #)
failed: (# m c a r d l e #)
failed: (# m c a r t h u r #)
failed: (# m c a r t o r #)
failed: (# m c a t e e #)
failed: (# m c a u l a y #)
failed: (# m c a u l e y #)
failed: (# m c a u l i f f #)
failed: (# m c a u l i f f e #)
failed: (# m c a v i t y #)
failed: (# m c b a i n #)
failed: (# m c b a n e #)
failed: (# m c b a y #)
failed: (# m c b e a n #)
failed: (# m c b e a t h #)
failed: (# m c b e e #)
failed: (# m c b e t h #)
failed: (# m c b i r n e y #)
failed: (# m c b r a y e r #)
failed: (# m c b r e a r t y #)
failed: (# m c b r e e n #)
failed: (# m c b r i d e #)
failed: (# m c b r i d g e #)
failed: (# m c b r i e n #)
failed: (# m c b r o o m #)
failed: (# m c b r y a r #)
failed: (# m c b r y d e #)
failed: (# m c b u r n e t t #)
failed: (# m c b u r n e y #)
failed: (# m c c a a #)
failed: (# m c c a b e #)
failed: (# m c c a d d e n #)
failed: (# m c c a f f e r t y #)
failed: (# m c c a f f e r y #)
failed: (# m c c a f f r e y #)
failed: (# m c c a g h r e n #)
failed: (# m c c a g u e #)
failed: (# m c c a h a n #)
failed: (# m c c a h i l l #)
failed: (# m c c a i g #)
failed: (# m c c a i n #)
failed: (# m c c a l e b #)
failed: (# m c c a l i p #)
failed: (# m c c a l i s t e r #)
failed: (# m c c a l l #)
failed: (# m c c a l l a #)
failed: (# m c c a l l e n #)
failed: (# m c c a l l e y #)
failed: (# m c c a l l i e #)
failed: (# m c c a l l i o n #)
failed: (# m c c a l l i s t e r #)
failed: (# m c c a l l o n #)
failed: (# m c c a l l u m #)
failed: (# m c c a l m o n t #)
failed: (# m c c a m a n t #)
failed: (# m c c a m b r i d g e #)
failed: (# m c c a m e y #)
failed: (# m c c a m i s h #)
failed: (# m c c a m m o n #)
failed: (# m c c a m p b e l l #)
failed: (# m c c a m y #)
failed: (# m c c a n #)
failed: (# m c c a n c e #)
failed: (# m c c a n d l e s s #)
failed: (# m c c a n d l i s h #)
failed: (# m c c a n e #)
failed: (# m c c a n l e s s #)
failed: (# m c c a n n #)
failed: (# m c c a n n a #)
failed: (# m c c a n n o n #)
failed: (# m c c a n t s #)
failed: (# m c c a r d #)
failed: (# m c c a r d e l l #)
failed: (# m c c a r d l e #)
failed: (# m c c a r e y #)
failed: (# m c c a r g a r #)
failed: (# m c c a r g o #)
failed: (# m c c a r l #)
failed: (# m c c a r l e y #)
failed: (# m c c a r n #)
failed: (# m c c a r n e y #)
failed: (# m c c a r r a n #)
failed: (# m c c a r r e l l #)
failed: (# m c c a r r e n #)
failed: (# m c c a r r i c k #)
failed: (# m c c a r r o l l #)
failed: (# m c c a r r o n #)
failed: (# m c c a r r y #)
failed: (# m c c a r s o n #)
failed: (# m c c a r t #)
failed: (# m c c a r t a n #)
failed: (# m c c a r t e n #)
failed: (# m c c a r t e r #)
failed: (# m c c a r t h a #)
failed: (# m c c a r t h y #)
failed: (# m c c a r t h y i s m #)
failed: (# m c c a r t i n #)
failed: (# m c c a r t n e y #)
failed: (# m c c a r t t #)
failed: (# m c c a r t y #)
failed: (# m c c a r v e r #)
failed: (# m c c a r v i l l e #)
failed: (# m c c a r y #)
failed: (# m c c a s k e y #)
failed: (# m c c a s k i l l #)
failed: (# m c c a s l a n d #)
failed: (# m c c a s l i n #)
failed: (# m c c a u g h e y #)
failed: (# m c c a u l #)
failed: (# m c c a u l e y #)
failed: (# m c c a u l l e y #)
failed: (# m c c a u s l a n d #)
failed: (# m c c a u s l i n #)
failed: (# m c c a w #)
failed: (# m c c a w l e y #)
failed: (# m c c a y #)
failed: (# m c c h e s n e y #)
failed: (# m c c h r i s t i a n #)
failed: (# m c c l a f f e r t y #)
failed: (# m c c l a f l i n #)
failed: (# m c c l a i n #)
failed: (# m c c l a i n e #)
failed: (# m c c l a m #)
failed: (# m c c l a n a h a n #)
failed: (# m c c l a n e #)
failed: (# m c c l a r a n #)
failed: (# m c c l a r d #)
failed: (# m c c l a r e n #)
failed: (# m c c l a r n o n #)
failed: (# m c c l a r t y #)
failed: (# m c c l a r y #)
failed: (# m c c l a s k e y #)
failed: (# m c c l a t c h e y #)
failed: (# m c c l a t c h y #)
failed: (# m c c l a u g h e r t y #)
failed: (# m c c l a v e #)
failed: (# m c c l a y #)
failed: (# m c c l e a f #)
failed: (# m c c l e a n #)
failed: (# m c c l e a r y #)
failed: (# m c c l e a v e #)
failed: (# m c c l e e r y #)
failed: (# m c c l e e s #)
failed: (# m c c l e e s e #)
failed: (# m c c l e l l a n #)
failed: (# m c c l e l l a n d #)
failed: (# m c c l e l l e n #)
failed: (# m c c l e m e n t s #)
failed: (# m c c l e n a g h a n #)
failed: (# m c c l e n a h a n #)
failed: (# m c c l e n a t h a n #)
failed: (# m c c l e n d o n #)
failed: (# m c c l e n n y #)
failed: (# m c c l e s k e y #)
failed: (# m c c l i m a n s #)
failed: (# m c c l i n t i c #)
failed: (# m c c l i n t i c k #)
failed: (# m c c l i n t o c k #)
failed: (# m c c l i n t o n #)
failed: (# m c c l i s h #)
failed: (# m c c l o r y #)
failed: (# m c c l o s k e y #)
failed: (# m c c l o s k y #)
failed: (# m c c l o u d #)
failed: (# m c c l o y #)
failed: (# m c c l u e r #)
failed: (# m c c l u n e #)
failed: (# m c c l u n e y #)
failed: (# m c c l u n g #)
failed: (# m c c l u r e #)
failed: (# m c c l u r g #)
failed: (# m c c l u r k i n #)
failed: (# m c c l u s k e y #)
failed: (# m c c o i g #)
failed: (# m c c o i n #)
failed: (# m c c o l e #)
failed: (# m c c o l g a n #)
failed: (# m c c o l l #)
failed: (# m c c o l l a m #)
failed: (# m c c o l l e y #)
failed: (# m c c o l l i s t e r #)
failed: (# m c c o l l o c h #)
failed: (# m c c o l l o m #)
failed: (# m c c o l l o u g h #)
failed: (# m c c o l l u m #)
failed: (# m c c o l m #)
failed: (# m c c o m a s #)
failed: (# m c c o m b #)
failed: (# m c c o m b e r #)
failed: (# m c c o m b i e #)
failed: (# m c c o m b s #)
failed: (# m c c o m m o n #)
failed: (# m c c o m m o n s #)
failed: (# m c c o m s e y #)
failed: (# m c c o n a g h y #)
failed: (# m c c o n a h a #)
failed: (# m c c o n a h a y #)
failed: (# m c c o n a h y #)
failed: (# m c c o n a t h y #)
failed: (# m c c o n a u g h e y #)
failed: (# m c c o n a u g h y #)
failed: (# m c c o n e #)
failed: (# m c c o n i c o #)
failed: (# m c c o n k e y #)
failed: (# m c c o n n #)
failed: (# m c c o n n a u g h e y #)
failed: (# m c c o n n e l #)
failed: (# m c c o n n e l l #)
failed: (# m c c o n n o n #)
failed: (# m c c o n v i l l e #)
failed: (# m c c o o e y #)
failed: (# m c c o o k #)
failed: (# m c c o o l #)
failed: (# m c c o r d #)
failed: (# m c c o r k e l #)
failed: (# m c c o r k e l l #)
failed: (# m c c o r k i n d a l e #)
failed: (# m c c o r k l e #)
failed: (# m c c o r m a c #)
failed: (# m c c o r m a c k #)
failed: (# m c c o r m i c k #)
failed: (# m c c o r q u o d a l e #)
failed: (# m c c o r r y #)
failed: (# m c c o r t #)
failed: (# m c c o r v e y #)
failed: (# m c c o s h #)
failed: (# m c c o s k e y #)
failed: (# m c c o t t e r #)
failed: (# m c c o u n #)
failed: (# m c c o u r t #)
failed: (# m c c o w a n #)
failed: (# m c c o w e n #)
failed: (# m c c o w i n #)
failed: (# m c c o w n #)
failed: (# m c c o y #)
failed: (# m c c o y s #)
failed: (# m c c r a c k e n #)
failed: (# m c c r a c k i n #)
failed: (# m c c r a d y #)
failed: (# m c c r a e #)
failed: (# m c c r a n e y #)
failed: (# m c c r a n i e #)
failed: (# m c c r a r y #)
failed: (# m c c r a v y #)
failed: (# m c c r a w #)
failed: (# m c c r a y #)
failed: (# m c c r e a #)
failed: (# m c c r e a d i e #)
failed: (# m c c r e a d y #)
failed: (# m c c r e a r y #)
failed: (# m c c r e d i e #)
failed: (# m c c r e e #)
failed: (# m c c r e e d y #)
failed: (# m c c r e e r y #)
failed: (# m c c r e i g h t #)
failed: (# m c c r e l e s s #)
failed: (# m c c r i c k a r d #)
failed: (# m c c r i g h t #)
failed: (# m c c r i l l i s #)
failed: (# m c c r i m m o n #)
failed: (# m c c r o c k l i n #)
failed: (# m c c r o n e #)
failed: (# m c c r o r e y #)
failed: (# m c c r o r y #)
failed: (# m c c r o s k e y #)
failed: (# m c c r o s s e n #)
failed: (# m c c r u d d e n #)
failed: (# m c c r u m #)
failed: (# m c c r u m b #)
failed: (# m c c r y s t a l #)
failed: (# m c c u a n #)
failed: (# m c c u b b i n #)
failed: (# m c c u b b i n s #)
failed: (# m c c u e #)
failed: (# m c c u e n #)
failed: (# m c c u i n #)
failed: (# m c c u i s t i o n #)
failed: (# m c c u i s t o n #)
failed: (# m c c u l l a #)
failed: (# m c c u l l a g h #)
failed: (# m c c u l l a h #)
failed: (# m c c u l l a r #)
failed: (# m c c u l l a r s #)
failed: (# m c c u l l e n #)
failed: (# m c c u l l e r #)
failed: (# m c c u l l e r s #)
failed: (# m c c u l l e y #)
failed: (# m c c u l l o c h #)
failed: (# m c c u l l o h #)
failed: (# m c c u l l o u g h #)
failed: (# m c c u l l u m #)
failed: (# m c c u l l y #)
failed: (# m c c u m b e r #)
failed: (# m c c u n e #)
failed: (# m c c u r d y #)
failed: (# m c c u r l e y #)
failed: (# m c c u r r y #)
failed: (# m c c u s k e r #)
failed: (# m c c u t c h a n #)
failed: (# m c c u t c h e n #)
failed: (# m c c u t c h e o n #)
failed: (# m c d a d e #)
failed: (# m c d a i d #)
failed: (# m c d a n e l #)
failed: (# m c d a n i e l #)
failed: (# m c d a n i e l s #)
failed: (# m c d a n n e l #)
failed: (# m c d a r i s #)
failed: (# m c d a v i d #)
failed: (# m c d a v i t t #)
failed: (# m c d e a l #)
failed: (# m c d e a r m o n #)
failed: (# m c d e r m i d #)
failed: (# m c d e r m i t t #)
failed: (# m c d e r m o t t #)
failed: (# m c d e v i t t #)
failed: (# m c d i a r m i d #)
failed: (# m c d i l l #)
failed: (# m c d i v e t t #)
failed: (# m c d i v i t t #)
failed: (# m c d o l e #)
failed: (# m c d o n a g h #)
failed: (# m c d o n a l d #)
failed: (# m c d o n a l d s #)
failed: (# m c d o n e l l #)
failed: (# m c d o n n e l l #)
failed: (# m c d o n o u g h #)
failed: (# m c d o r m a n #)
failed: (# m c d o u g a l #)
failed: (# m c d o u g a l d #)
failed: (# m c d o u g a l l #)
failed: (# m c d o u g a l s #)
failed: (# m c d o u g l e #)
failed: (# m c d o w #)
failed: (# m c d o w a l l #)
failed: (# m c d o w e l l #)
failed: (# m c d u f f #)
failed: (# m c d u f f e e #)
failed: (# m c d u f f i e #)
failed: (# m c d u f f y #)
failed: (# m c e a c h e r n #)
failed: (# m c e a c h i n #)
failed: (# m c e l l i g o t t #)
failed: (# m c e n d r e e #)
failed: (# m c e n e r y #)
failed: (# m c e r l e a n #)
failed: (# m c e u e n #)
failed: (# m c e v e r #)
failed: (# m c e v e r s #)
failed: (# m c e v i l l y #)
failed: (# m c e w e n #)
failed: (# m c f a d d e n #)
failed: (# m c f a d d i n #)
failed: (# m c f a d i n #)
failed: (# m c f a d y e n #)
failed: (# m c f a l l #)
failed: (# m c f a l l s #)
failed: (# m c f a n n #)
failed: (# m c f a r l a n #)
failed: (# m c f a r l a n d #)
failed: (# m c f a r l a n e #)
failed: (# m c f a r l i n #)
failed: (# m c f a r l i n g #)
failed: (# m c f a r r e n #)
failed: (# m c f a t e #)
failed: (# m c f a t r i d g e #)
failed: (# m c f a t t e r #)
failed: (# m c f a u l #)
failed: (# m c f a y d e n #)
failed: (# m c f e e #)
failed: (# m c f e e l y #)
failed: (# m c f e e t e r s #)
failed: (# m c f e r r a n #)
failed: (# m c f e r r e n #)
failed: (# m c f e r r i n #)
failed: (# m c f e r r o n #)
failed: (# m c f e t r i d g e #)
failed: (# m c g a f f e y #)
failed: (# m c g a g h #)
failed: (# m c g a h a #)
failed: (# m c g a h a n #)
failed: (# m c g a h e e #)
failed: (# m c g a h e y #)
failed: (# m c g a l l i a r d #)
failed: (# m c g a n n #)
failed: (# m c g a n n o n #)
failed: (# m c g a r i t y #)
failed: (# m c g a r r #)
failed: (# m c g a r r a h #)
failed: (# m c g a r r i g l e #)
failed: (# m c g a r r i t y #)
failed: (# m c g a r r y #)
failed: (# m c g a r v e y #)
failed: (# m c g a r y #)
failed: (# m c g a t h #)
failed: (# m c g a u g h #)
failed: (# m c g a u g h e y #)
failed: (# m c g a u g h y #)
failed: (# m c g a u l e y #)
failed: (# m c g a v i n #)
failed: (# m c g a v o c k #)
failed: (# m c g a w #)
failed: (# m c g e a c h y #)
failed: (# m c g e a r y #)
failed: (# m c g e e #)
failed: (# m c g e e h a n #)
failed: (# m c g e e v e r #)
failed: (# m c g e g a n #)
failed: (# m c g e o r g e #)
failed: (# m c g e o u g h #)
failed: (# m c g e t t i g a n #)
failed: (# m c g h e e #)
failed: (# m c g h i e #)
failed: (# m c g i b b o n #)
failed: (# m c g i l l #)
failed: (# m c g i l l e n #)
failed: (# m c g i l l i c u d d y #)
failed: (# m c g i l l i s #)
failed: (# m c g i l l i v r a y #)
failed: (# m c g i l t o n #)
failed: (# m c g i l v e r y #)
failed: (# m c g i l v r a y #)
failed: (# m c g i n l e y #)
failed: (# m c g i n n #)
failed: (# m c g i n n e s #)
failed: (# m c g i n n e s s #)
failed: (# m c g i n n i s #)
failed: (# m c g i n n i s s #)
failed: (# m c g i n n i t y #)
failed: (# m c g i n t y #)
failed: (# m c g i r r #)
failed: (# m c g i r t #)
failed: (# m c g i v e r n #)
failed: (# m c g i v n e y #)
failed: (# m c g l a d e #)
failed: (# m c g l a m e r y #)
failed: (# m c g l a s h a n #)
failed: (# m c g l a s s o n #)
failed: (# m c g l a u g h l i n #)
failed: (# m c g l a u n #)
failed: (# m c g l i n c h e y #)
failed: (# m c g l i n n #)
failed: (# m c g l o c k l i n #)
failed: (# m c g l o i n #)
failed: (# m c g l o n e #)
failed: (# m c g l o r y #)
failed: (# m c g l o t h e n #)
failed: (# m c g l o t h i n #)
failed: (# m c g l o t h l i n #)
failed: (# m c g l y n n #)
failed: (# m c g o e y #)
failed: (# m c g o f f #)
failed: (# m c g o l d r i c k #)
failed: (# m c g o l s #)
failed: (# m c g o n a g l e #)
failed: (# m c g o n i g a l #)
failed: (# m c g o n i g l e #)
failed: (# m c g o u g h #)
failed: (# m c g o u r t y #)
failed: (# m c g o v e r n #)
failed: (# m c g o w a n #)
failed: (# m c g o w e n #)
failed: (# m c g o w i n #)
failed: (# m c g o w n #)
failed: (# m c g r a d y #)
failed: (# m c g r a i l #)
failed: (# m c g r a i n #)
failed: (# m c g r a n a h a n #)
failed: (# m c g r a n e #)
failed: (# m c g r a t h #)
failed: (# m c g r a w #)
failed: (# m c g r a y #)
failed: (# m c g r e a l #)
failed: (# m c g r e e v e y #)
failed: (# m c g r e e v y #)
failed: (# m c g r e g o r #)
failed: (# m c g r e g o r y #)
failed: (# m c g r e v i n #)
failed: (# m c g r e w #)
failed: (# m c g r i f f #)
failed: (# m c g r o a r t y #)
failed: (# m c g r o g a n #)
failed: (# m c g r o r y #)
failed: (# m c g r u d e r #)
failed: (# m c g u a n e #)
failed: (# m c g u c k i n #)
failed: (# m c g u e #)
failed: (# m c g u f f e e #)
failed: (# m c g u f f e y #)
failed: (# m c g u f f i e #)
failed: (# m c g u f f i n #)
failed: (# m c g u i g a n #)
failed: (# m c g u i n e s s #)
failed: (# m c g u i n n #)
failed: (# m c g u i n n e s s #)
failed: (# m c g u i r e #)
failed: (# m c g u i r k #)
failed: (# m c g u i r t #)
failed: (# m c g u r k #)
failed: (# m c g u r n #)
failed: (# m c g u y e r #)
failed: (# m c g w i r e #)
failed: (# m c h a f f i e #)
failed: (# m c h a l e #)
failed: (# m c h a m #)
failed: (# m c h a n #)
failed: (# m c h a n e y #)
failed: (# m c h a r g u e #)
failed: (# m c h a t t o n #)
failed: (# m c h e n r y #)
failed: (# m c h o n e #)
failed: (# m c h u g h #)
failed: (# m c i n n e s #)
failed: (# m c i n n i s #)
failed: (# m c i s a a c #)
failed: (# m c i v e r #)
failed: (# m c i v o r #)
failed: (# m c j u n k i n #)
failed: (# m c j u n k i n s #)
failed: (# m c k a i g #)
failed: (# m c k a i n #)
failed: (# m c k a m e y #)
failed: (# m c k a n e #)
failed: (# m c k a n n a #)
failed: (# m c k a y #)
failed: (# m c k e a g #)
failed: (# m c k e a g u e #)
failed: (# m c k e a n #)
failed: (# m c k e a n d #)
failed: (# m c k e c h n i e #)
failed: (# m c k e e #)
failed: (# m c k e e g a n #)
failed: (# m c k e e h a n #)
failed: (# m c k e e l #)
failed: (# m c k e e m a n #)
failed: (# m c k e e n #)
failed: (# m c k e e s p o r t #)
failed: (# m c k e e v e r #)
failed: (# m c k e i t h a n #)
failed: (# m c k e i t h e n #)
failed: (# m c k e l l #)
failed: (# m c k e l l a r #)
failed: (# m c k e l l e r #)
failed: (# m c k e l l i p s #)
failed: (# m c k e m i e #)
failed: (# m c k e n d r e e #)
failed: (# m c k e n d r i c k #)
failed: (# m c k e n d r y #)
failed: (# m c k e n n a #)
failed: (# m c k e n n e y #)
failed: (# m c k e n n o n #)
failed: (# m c k e n n y #)
failed: (# m c k e n r i c k #)
failed: (# m c k e n z i e #)
failed: (# m c k e o n #)
failed: (# m c k e o n e #)
failed: (# m c k e o u g h #)
failed: (# m c k e o w n #)
failed: (# m c k e r c h e r #)
failed: (# m c k e r n #)
failed: (# m c k e r n a n #)
failed: (# m c k e s s o n #)
failed: (# m c k e t h a n #)
failed: (# m c k e v i t t #)
failed: (# m c k e y #)
failed: (# m c k i b b e n #)
failed: (# m c k i b b i n #)
failed: (# m c k i b b o n #)
failed: (# m c k i d s #)
failed: (# m c k i e #)
failed: (# m c k i e r n a n #)
failed: (# m c k i l l i p #)
failed: (# m c k i l l o p #)
failed: (# m c k i m #)
failed: (# m c k i m m e y #)
failed: (# m c k i m m y #)
failed: (# m c k i n l a y #)
failed: (# m c k i n l e y #)
failed: (# m c k i n n e y #)
failed: (# m c k i n n i e #)
failed: (# m c k i n n i s #)
failed: (# m c k i n n o n #)
failed: (# m c k i n s e y #)
failed: (# m c k i n s t r y #)
failed: (# m c k i n z i e #)
failed: (# m c k i s s a c k #)
failed: (# m c k i s s i c #)
failed: (# m c k i s s i c k #)
failed: (# m c k i t r i c k #)
failed: (# m c k i t t r i c k #)
failed: (# m c k n e e l y #)
failed: (# m c k n e w #)
failed: (# m c k n i g h t #)
failed: (# m c k o n e #)
failed: (# m c k o w e n #)
failed: (# m c k o w n #)
failed: (# m c k o y #)
failed: (# m c k u n e #)
failed: (# m c l a c h l a n #)
failed: (# m c l a f f e r t y #)
failed: (# m c l a i n #)
failed: (# m c l a m b #)
failed: (# m c l a n a h a n #)
failed: (# m c l a n e #)
failed: (# m c l a r e n #)
failed: (# m c l a r n e y #)
failed: (# m c l a r t y #)
failed: (# m c l a u c h l i n #)
failed: (# m c l a u g h l i n #)
failed: (# m c l a u r i n #)
failed: (# m c l a u r y #)
failed: (# m c l a w h o r n #)
failed: (# m c l a y #)
failed: (# m c l e a n #)
failed: (# m c l e a r #)
failed: (# m c l e a r y #)
failed: (# m c l e e s #)
failed: (# m c l e i s h #)
failed: (# m c l e l a n d #)
failed: (# m c l e l l a n #)
failed: (# m c l e l l a n d #)
failed: (# m c l e n d o n #)
failed: (# m c l e n n a n #)
failed: (# m c l e o d #)
failed: (# m c l e r o y #)
failed: (# m c l e r r a n #)
failed: (# m c l e s t e r #)
failed: (# m c l i n #)
failed: (# m c l i n d e n #)
failed: (# m c l i n n #)
failed: (# m c l i s h #)
failed: (# m c l o u d #)
failed: (# m c l o u t h #)
failed: (# m c l u c a s #)
failed: (# m c l u c k i e #)
failed: (# m c l u r e #)
failed: (# m c m a c k i n #)
failed: (# m c m a h a n #)
failed: (# m c m a h e n #)
failed: (# m c m a h i l l #)
failed: (# m c m a h o n #)
failed: (# m c m a i n s #)
failed: (# m c m a k e n #)
failed: (# m c m a k i n #)
failed: (# m c m a n a m a #)
failed: (# m c m a n a m a n #)
failed: (# m c m a n a m o n #)
failed: (# m c m a n a w a y #)
failed: (# m c m a n i g a l #)
failed: (# m c m a n i s #)
failed: (# m c m a n n #)
failed: (# m c m a n n i s #)
failed: (# m c m a n u s #)
failed: (# m c m a r t i n #)
failed: (# m c m a s t e r #)
failed: (# m c m a s t e r s #)
failed: (# m c m a t h #)
failed: (# m c m e a n s #)
failed: (# m c m e e k i n #)
failed: (# m c m e e n #)
failed: (# m c m e n a m i n #)
failed: (# m c m e n a m y #)
failed: (# m c m e n e m y #)
failed: (# m c m e n n a m i n #)
failed: (# m c m i c h a e l #)
failed: (# m c m i c h e n #)
failed: (# m c m i c k l e #)
failed: (# m c m i l l a n #)
failed: (# m c m i l l e n #)
failed: (# m c m i l l e r #)
failed: (# m c m i l l i a n #)
failed: (# m c m i l l i n #)
failed: (# m c m i l l i o n #)
failed: (# m c m i l l o n #)
failed: (# m c m i n n #)
failed: (# m c m o n a g l e #)
failed: (# m c m o n i g l e #)
failed: (# m c m o r a n #)
failed: (# m c m o r r a n #)
failed: (# m c m o r r i s #)
failed: (# m c m o r r o w #)
failed: (# m c m u f f i n #)
failed: (# m c m u l l a n #)
failed: (# m c m u l l e n #)
failed: (# m c m u l l i n #)
failed: (# m c m u n n #)
failed: (# m c m u r d o #)
failed: (# m c m u r p h y #)
failed: (# m c m u r r a y #)
failed: (# m c m u r r e y #)
failed: (# m c m u r r y #)
failed: (# m c m u r t r e y #)
failed: (# m c m u r t r i e #)
failed: (# m c m u r t r y #)
failed: (# m c n a b #)
failed: (# m c n a b b #)
failed: (# m c n a i r #)
failed: (# m c n a i r y #)
failed: (# m c n a l l #)
failed: (# m c n a l l e y #)
failed: (# m c n a l l y #)
failed: (# m c n a m e r #)
failed: (# m c n a n e y #)
failed: (# m c n a r y #)
failed: (# m c n a t t #)
failed: (# m c n a u g h t #)
failed: (# m c n a u g h t o n #)
failed: (# m c n a y #)
failed: (# m c n e a l #)
failed: (# m c n e a l y #)
failed: (# m c n e a r #)
failed: (# m c n e a r y #)
failed: (# m c n e a s e #)
failed: (# m c n e e #)
failed: (# m c n e e c e #)
failed: (# m c n e e l #)
failed: (# m c n e e l e y #)
failed: (# m c n e e l y #)
failed: (# m c n e e r #)
failed: (# m c n e e s #)
failed: (# m c n e e s e #)
failed: (# m c n e f f #)
failed: (# m c n e i c e #)
failed: (# m c n e i l #)
failed: (# m c n e i l l #)
failed: (# m c n e i l l y #)
failed: (# m c n e i s h #)
failed: (# m c n e l i s #)
failed: (# m c n e l l i s #)
failed: (# m c n e l l y #)
failed: (# m c n e r n e y #)
failed: (# m c n e t t #)
failed: (# m c n e v i n #)
failed: (# m c n e w #)
failed: (# m c n i c h o l #)
failed: (# m c n i c h o l a s #)
failed: (# m c n i c h o l s #)
failed: (# m c n i c k l e #)
failed: (# m c n i c o l #)
failed: (# m c n i e l #)
failed: (# m c n i f f #)
failed: (# m c n i n c h #)
failed: (# m c n i s h #)
failed: (# m c n i t t #)
failed: (# m c n o r t o n #)
failed: (# m c n u g g e t s #)
failed: (# m c n u l t y #)
failed: (# m c n u t t #)
failed: (# m c o m b e r #)
failed: (# m c o r p #)
failed: (# m c p a p e r #)
failed: (# m c p a r l a n d #)
failed: (# m c p a r t l a n d #)
failed: (# m c p a r t l i n #)
failed: (# m c p e a k #)
failed: (# m c p e a k e #)
failed: (# m c p e c k #)
failed: (# m c p e e k #)
failed: (# m c p e t e r s #)
failed: (# m c p h a i l #)
failed: (# m c p h a t t e r #)
failed: (# m c p h a u l #)
failed: (# m c p h e a r s o n #)
failed: (# m c p h e e #)
failed: (# m c p h e e t e r s #)
failed: (# m c p h e r o n #)
failed: (# m c p h e r s o n #)
failed: (# m c p h i e #)
failed: (# m c p h i l l i p s #)
failed: (# m c p i k e #)
failed: (# m c q u a d e #)
failed: (# m c q u a i d #)
failed: (# m c q u a i d e #)
failed: (# m c q u a i g #)
failed: (# m c q u a i n #)
failed: (# m c q u a r r i e #)
failed: (# m c q u a r y #)
failed: (# m c q u a y #)
failed: (# m c q u e a r y #)
failed: (# m c q u e e n #)
failed: (# m c q u e e n e y #)
failed: (# m c q u e r r y #)
failed: (# m c q u i g g #)
failed: (# m c q u i l k i n #)
failed: (# m c q u i l l a n #)
failed: (# m c q u i l l e n #)
failed: (# m c q u i l l i n #)
failed: (# m c q u i n n #)
failed: (# m c q u i r e #)
failed: (# m c q u i s t o n #)
failed: (# m c q u i t t y #)
failed: (# m c q u o w n #)
failed: (# m c r a e #)
failed: (# m c r a n e y #)
failed: (# m c r a y #)
failed: (# m c r e e #)
failed: (# m c r e y n o l d s #)
failed: (# m c r i g h t #)
failed: (# m c r o b e r t s #)
failed: (# m c r o r i e #)
failed: (# m c r o y #)
failed: (# m c s h a n #)
failed: (# m c s h a n e #)
failed: (# m c s h e a #)
failed: (# m c s h e r r y #)
failed: (# m c s l e e p #)
failed: (# m c s o r l e y #)
failed: (# m c s p a d d e n #)
failed: (# m c s t a y #)
failed: (# m c s w a i n #)
failed: (# m c s w e e n #)
failed: (# m c s w e e n e y #)
failed: (# m c t a g g a r t #)
failed: (# m c t a g u e #)
failed: (# m c t a v i s h #)
failed: (# m c t e e r #)
failed: (# m c t e r n a n #)
failed: (# m c t i e r #)
failed: (# m c t i e r n a n #)
failed: (# m c t i g h e #)
failed: (# m c t i g u e #)
failed: (# m c v a y #)
failed: (# m c v e a #)
failed: (# m c v e i g h #)
failed: (# m c v e y #)
failed: (# m c v i c a r #)
failed: (# m c v i c k e r #)
failed: (# m c v o y #)
failed: (# m c w a i n #)
failed: (# m c w a t e r s #)
failed: (# m c w a t t e r s #)
failed: (# m c w e e n e y #)
failed: (# m c w e t h y #)
failed: (# m c w h e r t e r #)
failed: (# m c w h i n n e y #)
failed: (# m c w h i r t #)
failed: (# m c w h i r t e r #)
failed: (# m c w h i t e #)
failed: (# m c w h o r t e r #)
failed: (# m c w i l l i a m #)
failed: (# m c w i l l i a m s #)
failed: (# m c w r i g h t #)
failed: (# m c z e a l #)
failed: (# m e s s r s #)
failed: (# m f u m e #)
failed: (# m i c r o g r a f x #)
failed: (# m i l d r i d #)
failed: (# m i l l i o n t h s #)
failed: (# m i l l i r o n #)
failed: (# m i l l i r o n s #)
failed: (# m i r a b e l l e #)
failed: (# m i r a c u l o u s #)
failed: (# m i r a c u l o u s l y #)
failed: (# m i r a g e #)
failed: (# m i r a n d a #)
failed: (# m i r e l l e #)
failed: (# m k h a t s h w a #)
failed: (# m o r e n c y #)
failed: (# m o r r i s s #)
failed: (# m p e g #)
failed: (# m p g #)
failed: (# m p h #)
failed: (# m r #)
failed: (# m r s #)
failed: (# m s #)
failed: (# m s g r #)
failed: (# m s s r s #)
failed: (# m t #)
failed: (# m t e l #)
failed: (# n #)
failed: (# n a d a l #)
failed: (# n a d i r #)
failed: (# n a s r #)
failed: (# n e i k i r k #)
failed: (# n e o r x #)
failed: (# n e t t e s h e i m #)
failed: (# n e u k i r c h e n #)
failed: (# n e u w i r t h #)
failed: (# n e w k i r k #)
failed: (# n g #)
failed: (# n g e m a #)
failed: (# n j t #)
failed: (# n o n d i r e c t #)
failed: (# n o v #)
failed: (# n u s b a u m #)
failed: (# n v h o m e s #)
failed: (# n v r y a n #)
failed: (# o a d #)
failed: (# o c t #)
failed: (# o d e k i r k #)
failed: (# o d p #)
failed: (# o f #)
failed: (# o f c #)
failed: (# o k #)
failed: (# o k e n #)
failed: (# o l i g a r c h s #)
failed: (# o o t e n #)
failed: (# o u d e r k i r k #)
failed: (# p #)
failed: (# p a t r i e #)
failed: (# p e r s p i r a t i o n #)
failed: (# p h #)
failed: (# p h l c o r p #)
failed: (# p i a g e t #)
failed: (# p i c k r e n #)
failed: (# p i e t r z a k #)
failed: (# p i e t r z y k #)
failed: (# p i r o g #)
failed: (# p m #)
failed: (# p o l l i n a t e #)
failed: (# p o r p h y r i t i c #)
failed: (# p o r p h y r y #)
failed: (# p o s s i b l i t y #)
failed: (# p o u d r i e r #)
failed: (# p o u l o s #)
failed: (# p o w e r p c #)
failed: (# p o w e r p c s #)
failed: (# p p m #)
failed: (# p r o t e g e s #)
failed: (# p r z y b y l #)
failed: (# p r z y b y s z #)
failed: (# p r z y w a r a #)
failed: (# p y r a m i d a l #)
failed: (# q #)
failed: (# q i a o t o u #)
failed: (# q i n g d a o #)
failed: (# q m a x #)
failed: (# q u i r a m #)
failed: (# q u i x o t e #)
failed: (# r #)
failed: (# r b #)
failed: (# r e a f f i r m a t i o n #)
failed: (# r e c o n f i r m a t i o n #)
failed: (# r e d i r e c t #)
failed: (# r e d i r e c t e d #)
failed: (# r e d i r e c t i n g #)
failed: (# r e d i r e c t i o n #)
failed: (# r e q u i r i n g #)
failed: (# r e s p i r a t i o n #)
failed: (# r e s p i r a t o r #)
failed: (# r e s p i r a t o r s #)
failed: (# r e s p i r a t o r y #)
failed: (# r e s p i r o n i c s #)
failed: (# r e v a l u a t i o n s #)
failed: (# r e w i r i n g #)
failed: (# r i j n #)
failed: (# r o d r i q u e s #)
failed: (# r o g g i o #)
failed: (# r p m #)
failed: (# r u i z #)
failed: (# r w a n d a #)
failed: (# r w a n d a n #)
failed: (# r w a n d a n s #)
failed: (# r w a n d e s e #)
failed: (# r z a s a #)
failed: (# r z e p k a #)
failed: (# s #)
failed: (# s a c i r b e y #)
failed: (# s a t i r i s t #)
failed: (# s a t i r i s t s #)
failed: (# s a t i r i z e s #)
failed: (# s a u t e r #)
failed: (# s a v r #)
failed: (# s b f #)
failed: (# s c h e d u l e r s #)
failed: (# s c h i l d k n e c h t #)
failed: (# s c h u b r i n g #)
failed: (# s d n #)
failed: (# s e #)
failed: (# s e c h r e s t #)
failed: (# s e c h r i s t #)
failed: (# s e c r e s t #)
failed: (# s e c r i s t #)
failed: (# s e g r e s t #)
failed: (# s e i f r i e d #)
failed: (# s e l k i r k #)
failed: (# s e r l e #)
failed: (# s e y f r i e d #)
failed: (# s f u z z i #)
failed: (# s h #)
failed: (# s h i r l e e n #)
failed: (# s h i r r e l l #)
failed: (# s h o r #)
failed: (# s i r e k #)
failed: (# s i r l e s #)
failed: (# s i r o n #)
failed: (# s k r z y p e k #)
failed: (# s m t i h #)
failed: (# s p e r l e #)
failed: (# s r #)
failed: (# s t #)
failed: (# s t e p h e n #)
failed: (# s t e p h e n s #)
failed: (# s t e p h e n s o n #)
failed: (# s t e p h e n v i l l e #)
failed: (# s t e r l e #)
failed: (# s t i r e w a l t #)
failed: (# s t r z e l e c k i #)
failed: (# s u p e r x #)
failed: (# s u u #)
failed: (# s y l v e s t #)
failed: (# s y r i n g e #)
failed: (# s y r i n g e s #)
failed: (# t #)
failed: (# t b #)
failed: (# t b i l i s i #)
failed: (# t c a s #)
failed: (# t e l e x e d #)
failed: (# t e n n #)
failed: (# t h #)
failed: (# t h e r e o f #)
failed: (# t r b o v i c h #)
failed: (# t r i u m v i r a t e #)
failed: (# t r z a s k a #)
failed: (# t r z c i n s k i #)
failed: (# t r z e c i a k #)
failed: (# t s #)
failed: (# t v s a t #)
failed: (# t y r a n n i c a l #)
failed: (# t y r r h e n i a n #)
failed: (# u h l i r #)
failed: (# u s a #)
failed: (# u s a i r #)
failed: (# u s a m e r i b a n c s #)
failed: (# u s b a n c o r p #)
failed: (# u s t r u s t #)
failed: (# v #)
failed: (# v a l e n t #)
failed: (# v a n b u s k i r k #)
failed: (# v a n k i r k #)
failed: (# v i l l a s e n o r #)
failed: (# v i r a g #)
failed: (# v i r g i l i o #)
failed: (# v i r g i n i a #)
failed: (# v i r g i n i a n #)
failed: (# v i r g i n i a n s #)
failed: (# v i r g i n i t y #)
failed: (# v i r i d i s #)
failed: (# v i r i l i t y #)
failed: (# v i r t u o s i t y #)
failed: (# v i r t u o s o #)
failed: (# v i s x #)
failed: (# v l c e k #)
failed: (# v n e s h e c o n o m b a n k #)
failed: (# v r d o l y a k #)
failed: (# v s #)
failed: (# v s e l #)
failed: (# w #)
failed: (# w a s s #)
failed: (# w e g r z y n #)
failed: (# w e r l e #)
failed: (# w e s s #)
failed: (# w i r k k a l a #)
failed: (# w m #)
failed: (# w o j i c k #)
failed: (# w o t r i n g #)
failed: (# w r z e s i n s k i #)
failed: (# w s #)
failed: (# w y #)
failed: (# x #)
failed: (# x a v i e r a #)
failed: (# x i a o y u n #)
failed: (# x i n g #)
failed: (# x s c r i b e #)
failed: (# x t r a #)
failed: (# y #)
failed: (# y a r b r o u g h #)
failed: (# y a s i r #)
failed: (# y d s t i e #)
failed: (# y l v i s a k e r #)
failed: (# y n j i u n #)
failed: (# z #)
failed: (# z a k r z e w s k i #)
failed: (# z i r c o n i u m #)
failed: (# z i r c o n i u m s #)
failed: (# z z z z #)
